var->(-1, -1)
,->(-1, -1)
id->(10, 0)
,->(-1, -1)
id->(11, 0)
;->(-1, -1)
read->(-1, -1)
(->(-1, -1)
)->(-1, -1)
;->(-1, -1)
read->(-1, -1)
(->(-1, -1)
id->(10, 0)
)->(-1, -1)
;->(-1, -1)
read->(-1, -1)
(->(-1, -1)
id->(11, 0)
)->(-1, -1)
;->(-1, -1)
var->(-1, -1)
id->(12, 0)
->->(-1, -1)
id->(9, 0)
;->(-1, -1)
if->(-1, -1)
(->(-1, -1)
id->(12, 0)
>->(-1, -1)
id->(10, 0)
)->(-1, -1)
{->(-1, -1)
id->(12, 0)
->->(-1, -1)
id->(10, 0)
;->(-1, -1)
}->(-1, -1)
if->(-1, -1)
(->(-1, -1)
id->(12, 0)
>->(-1, -1)
id->(11, 0)
)->(-1, -1)
{->(-1, -1)
id->(12, 0)
->->(-1, -1)
id->(11, 0)
}->(-1, -1)
print_out->(-1, -1)
(->(-1, -1)
print_out->(-1, -1)
(->(-1, -1)
id->(12, 0)
)->(-1, -1)
;->(-1, -1)
